<?xml version="1.0" encoding="UTF-8"?>
<testsuites>
    <testsuite name="remove-an-item-in-the-shopping-cart;remove-an-item-with-the-quantity-of-1." tests="5" failures="0" skipped="5">
        <properties>
            <property name="URI" value="C:/Willys Project/Willys-Project/features/deleteItemShoppingCart.feature">
            </property>
        </properties>
        <testcase name="Given In &quot;https://www.willys.se&quot;" classname="remove-an-item-in-the-shopping-cart;remove-an-item-with-the-quantity-of-1.">
            <skipped message="">
            </skipped>
        </testcase>
        <testcase name="And In shopping cart" classname="remove-an-item-in-the-shopping-cart;remove-an-item-with-the-quantity-of-1.">
            <skipped message="">
            </skipped>
        </testcase>
        <testcase name="And In one of the items" classname="remove-an-item-in-the-shopping-cart;remove-an-item-with-the-quantity-of-1.">
            <skipped message="">
            </skipped>
        </testcase>
        <testcase name="When I click on &quot;-&quot;  button" classname="remove-an-item-in-the-shopping-cart;remove-an-item-with-the-quantity-of-1.">
            <skipped message="">
            </skipped>
        </testcase>
        <testcase name="Then the item should be removed." classname="remove-an-item-in-the-shopping-cart;remove-an-item-with-the-quantity-of-1.">
            <skipped message="">
            </skipped>
        </testcase>
    </testsuite>
    <testsuite name="remove-an-item-in-the-shopping-cart;remove-an-item-with-the-quantity-of-2." tests="5" failures="0" skipped="5">
        <properties>
            <property name="URI" value="C:/Willys Project/Willys-Project/features/deleteItemShoppingCart.feature">
            </property>
        </properties>
        <testcase name="Given In &quot;https://www.willys.se&quot;" classname="remove-an-item-in-the-shopping-cart;remove-an-item-with-the-quantity-of-2.">
            <skipped message="">
            </skipped>
        </testcase>
        <testcase name="And In shopping cart" classname="remove-an-item-in-the-shopping-cart;remove-an-item-with-the-quantity-of-2.">
            <skipped message="">
            </skipped>
        </testcase>
        <testcase name="And In one of the items" classname="remove-an-item-in-the-shopping-cart;remove-an-item-with-the-quantity-of-2.">
            <skipped message="">
            </skipped>
        </testcase>
        <testcase name="When I click on &quot;-&quot; button 2 times" classname="remove-an-item-in-the-shopping-cart;remove-an-item-with-the-quantity-of-2.">
            <skipped message="">
            </skipped>
        </testcase>
        <testcase name="Then the item should be removed." classname="remove-an-item-in-the-shopping-cart;remove-an-item-with-the-quantity-of-2.">
            <skipped message="">
            </skipped>
        </testcase>
    </testsuite>
    <testsuite name="remove-an-item-in-the-shopping-cart;remove-an-item-with-the-quantity-of-3." tests="5" failures="0" skipped="5">
        <properties>
            <property name="URI" value="C:/Willys Project/Willys-Project/features/deleteItemShoppingCart.feature">
            </property>
        </properties>
        <testcase name="Given In &quot;https://www.willys.se&quot;" classname="remove-an-item-in-the-shopping-cart;remove-an-item-with-the-quantity-of-3.">
            <skipped message="">
            </skipped>
        </testcase>
        <testcase name="And In shopping cart" classname="remove-an-item-in-the-shopping-cart;remove-an-item-with-the-quantity-of-3.">
            <skipped message="">
            </skipped>
        </testcase>
        <testcase name="And In one of the items" classname="remove-an-item-in-the-shopping-cart;remove-an-item-with-the-quantity-of-3.">
            <skipped message="">
            </skipped>
        </testcase>
        <testcase name="When I click on &quot;-&quot; button 3 times" classname="remove-an-item-in-the-shopping-cart;remove-an-item-with-the-quantity-of-3.">
            <skipped message="">
            </skipped>
        </testcase>
        <testcase name="Then the item should be removed." classname="remove-an-item-in-the-shopping-cart;remove-an-item-with-the-quantity-of-3.">
            <skipped message="">
            </skipped>
        </testcase>
    </testsuite>
    <testsuite name="change-the-number-of-an-item;increase-the-quantity-of-an-item-by-1" tests="5" failures="0" skipped="5">
        <properties>
            <property name="URI" value="C:/Willys Project/Willys-Project/features/editItemShoppingCart.feature">
            </property>
        </properties>
        <testcase name="Given In &quot;https://www.willys.se&quot;" classname="change-the-number-of-an-item;increase-the-quantity-of-an-item-by-1">
            <skipped message="">
            </skipped>
        </testcase>
        <testcase name="And In shopping cart" classname="change-the-number-of-an-item;increase-the-quantity-of-an-item-by-1">
            <skipped message="">
            </skipped>
        </testcase>
        <testcase name="And In one of the items" classname="change-the-number-of-an-item;increase-the-quantity-of-an-item-by-1">
            <skipped message="">
            </skipped>
        </testcase>
        <testcase name="When I click on &quot;+&quot; button once" classname="change-the-number-of-an-item;increase-the-quantity-of-an-item-by-1">
            <skipped message="">
            </skipped>
        </testcase>
        <testcase name="Then the quantity of  the item should be increased by 1" classname="change-the-number-of-an-item;increase-the-quantity-of-an-item-by-1">
            <skipped message="">
            </skipped>
        </testcase>
    </testsuite>
    <testsuite name="change-the-number-of-an-item;increase-the-quantity-of-an-item-by-2." tests="5" failures="0" skipped="5">
        <properties>
            <property name="URI" value="C:/Willys Project/Willys-Project/features/editItemShoppingCart.feature">
            </property>
        </properties>
        <testcase name="Given In &quot;https://www.willys.se&quot;" classname="change-the-number-of-an-item;increase-the-quantity-of-an-item-by-2.">
            <skipped message="">
            </skipped>
        </testcase>
        <testcase name="And In shopping cart" classname="change-the-number-of-an-item;increase-the-quantity-of-an-item-by-2.">
            <skipped message="">
            </skipped>
        </testcase>
        <testcase name="And In one of the items" classname="change-the-number-of-an-item;increase-the-quantity-of-an-item-by-2.">
            <skipped message="">
            </skipped>
        </testcase>
        <testcase name="When I click on &quot;+&quot; button twice" classname="change-the-number-of-an-item;increase-the-quantity-of-an-item-by-2.">
            <skipped message="">
            </skipped>
        </testcase>
        <testcase name="Then the quantity of  the item should be increased by 2" classname="change-the-number-of-an-item;increase-the-quantity-of-an-item-by-2.">
            <skipped message="">
            </skipped>
        </testcase>
    </testsuite>
    <testsuite name="change-the-number-of-an-item;reduce-the-quantity-of-an-item-by-1" tests="5" failures="0" skipped="5">
        <properties>
            <property name="URI" value="C:/Willys Project/Willys-Project/features/editItemShoppingCart.feature">
            </property>
        </properties>
        <testcase name="Given In &quot;https://www.willys.se&quot;" classname="change-the-number-of-an-item;reduce-the-quantity-of-an-item-by-1">
            <skipped message="">
            </skipped>
        </testcase>
        <testcase name="And In shopping cart" classname="change-the-number-of-an-item;reduce-the-quantity-of-an-item-by-1">
            <skipped message="">
            </skipped>
        </testcase>
        <testcase name="And In one of the items" classname="change-the-number-of-an-item;reduce-the-quantity-of-an-item-by-1">
            <skipped message="">
            </skipped>
        </testcase>
        <testcase name="When I click on &quot;-&quot; button once" classname="change-the-number-of-an-item;reduce-the-quantity-of-an-item-by-1">
            <skipped message="">
            </skipped>
        </testcase>
        <testcase name="Then the quantity of  the item should be reduced by 1" classname="change-the-number-of-an-item;reduce-the-quantity-of-an-item-by-1">
            <skipped message="">
            </skipped>
        </testcase>
    </testsuite>
    <testsuite name="change-the-number-of-an-item;reduce-the-quantity-of-an-item-by-2" tests="5" failures="0" skipped="5">
        <properties>
            <property name="URI" value="C:/Willys Project/Willys-Project/features/editItemShoppingCart.feature">
            </property>
        </properties>
        <testcase name="Given &quot;In https://www.willys.se&quot;" classname="change-the-number-of-an-item;reduce-the-quantity-of-an-item-by-2">
            <skipped message="">
            </skipped>
        </testcase>
        <testcase name="And In shopping cart" classname="change-the-number-of-an-item;reduce-the-quantity-of-an-item-by-2">
            <skipped message="">
            </skipped>
        </testcase>
        <testcase name="And In one of the items" classname="change-the-number-of-an-item;reduce-the-quantity-of-an-item-by-2">
            <skipped message="">
            </skipped>
        </testcase>
        <testcase name="When I click on &quot;-&quot; button twice" classname="change-the-number-of-an-item;reduce-the-quantity-of-an-item-by-2">
            <skipped message="">
            </skipped>
        </testcase>
        <testcase name="Then the quantity of  the item should be reduced by 2." classname="change-the-number-of-an-item;reduce-the-quantity-of-an-item-by-2">
            <skipped message="">
            </skipped>
        </testcase>
    </testsuite>
    <testsuite name="empty-the-shopping-cart;empty-shopping-cart" tests="4" failures="0" skipped="4">
        <properties>
            <property name="URI" value="C:/Willys Project/Willys-Project/features/emptyShoppingCart.feature">
            </property>
        </properties>
        <testcase name="Given In &quot;https://www.willys.se&quot;" classname="empty-the-shopping-cart;empty-shopping-cart">
            <skipped message="">
            </skipped>
        </testcase>
        <testcase name="And In shopping cart" classname="empty-the-shopping-cart;empty-shopping-cart">
            <skipped message="">
            </skipped>
        </testcase>
        <testcase name="When I click on &quot;Empty shopping cart&quot; button" classname="empty-the-shopping-cart;empty-shopping-cart">
            <skipped message="">
            </skipped>
        </testcase>
        <testcase name="Then It should delete all items in the shopping cart" classname="empty-the-shopping-cart;empty-shopping-cart">
            <skipped message="">
            </skipped>
        </testcase>
    </testsuite>
    <testsuite name="empty-the-shopping-cart;empty-shopping-cart" tests="4" failures="0" skipped="4">
        <properties>
            <property name="URI" value="C:/Willys Project/Willys-Project/features/emptyShoppingCart.feature">
            </property>
        </properties>
        <testcase name="Given In &quot;https://www.willys.se&quot;" classname="empty-the-shopping-cart;empty-shopping-cart">
            <skipped message="">
            </skipped>
        </testcase>
        <testcase name="And In shopping cart" classname="empty-the-shopping-cart;empty-shopping-cart">
            <skipped message="">
            </skipped>
        </testcase>
        <testcase name="When I write &quot;0&quot; in all the items" classname="empty-the-shopping-cart;empty-shopping-cart">
            <skipped message="">
            </skipped>
        </testcase>
        <testcase name="Then All the items should be removed" classname="empty-the-shopping-cart;empty-shopping-cart">
            <skipped message="">
            </skipped>
        </testcase>
    </testsuite>
    <testsuite name="selecting-a-product-category;categories-and-subcategories" tests="3" failures="0" skipped="3">
        <properties>
            <property name="URI" value="C:/Willys Project/Willys-Project/features/ProductCategory.feature">
            </property>
        </properties>
        <testcase name="Given In the menu section" classname="selecting-a-product-category;categories-and-subcategories">
            <skipped message="">
            </skipped>
        </testcase>
        <testcase name="When I select plus sign of a category" classname="selecting-a-product-category;categories-and-subcategories">
            <skipped message="">
            </skipped>
        </testcase>
        <testcase name="Then I should see items within that category" classname="selecting-a-product-category;categories-and-subcategories">
            <skipped message="">
            </skipped>
        </testcase>
    </testsuite>
    <testsuite name="selecting-a-product-category;willys-category-for-example-kykling" tests="3" failures="0" skipped="3">
        <properties>
            <property name="URI" value="C:/Willys Project/Willys-Project/features/ProductCategory.feature">
            </property>
        </properties>
        <testcase name="Given In the category section" classname="selecting-a-product-category;willys-category-for-example-kykling">
            <skipped message="">
            </skipped>
        </testcase>
        <testcase name="When I click on a category" classname="selecting-a-product-category;willys-category-for-example-kykling">
            <skipped message="">
            </skipped>
        </testcase>
        <testcase name="Then I should navigate to the selected category" classname="selecting-a-product-category;willys-category-for-example-kykling">
            <skipped message="">
            </skipped>
        </testcase>
    </testsuite>
    <testsuite name="get-more-information;get-product-information-by-&quot;click&quot;" tests="3" failures="0" skipped="3">
        <properties>
            <property name="URI" value="C:/Willys Project/Willys-Project/features/productInfo.feature">
            </property>
        </properties>
        <testcase name="Given that I am on &quot;https://www.willys.se/sortiment/fryst/fisk-och-skaldjur/kraftor-och-hummer&quot;" classname="get-more-information;get-product-information-by-&quot;click&quot;">
            <skipped message="">
            </skipped>
        </testcase>
        <testcase name="When I click on fisk &amp; skaldjur in categories" classname="get-more-information;get-product-information-by-&quot;click&quot;">
            <skipped message="">
            </skipped>
        </testcase>
        <testcase name="Then should get information about the product" classname="get-more-information;get-product-information-by-&quot;click&quot;">
            <skipped message="">
            </skipped>
        </testcase>
    </testsuite>
</testsuites>