<?xml version="1.0" encoding="UTF-8"?>
<testsuites>
    <testsuite name="viewing-shopping-cart;add-products-to-the-shopping-cart-and-view-quantity-in-mini-cart" tests="6" failures="1" skipped="0">
        <properties>
            <property name="URI" value="C:\Willys Project\Willys-Project\features\shoppingcart.feature">
            </property>
        </properties>
        <testcase name="Given that we are on Willy&apos;s website" classname="viewing-shopping-cart;add-products-to-the-shopping-cart-and-view-quantity-in-mini-cart" time="2.490113">
        </testcase>
        <testcase name="And that we accepted the standard cookie policy" classname="viewing-shopping-cart;add-products-to-the-shopping-cart-and-view-quantity-in-mini-cart" time="3.0175531">
        </testcase>
        <testcase name="And that we have been through the initial where to deliver popup" classname="viewing-shopping-cart;add-products-to-the-shopping-cart-and-view-quantity-in-mini-cart" time="4.5422848">
        </testcase>
        <testcase name="Given that I am on the Fruit and Vegetable category page" classname="viewing-shopping-cart;add-products-to-the-shopping-cart-and-view-quantity-in-mini-cart" time="2.7301039">
        </testcase>
        <testcase name="When I put a random number of each Fruit and Vegetable that has price per piece in the cart" classname="viewing-shopping-cart;add-products-to-the-shopping-cart-and-view-quantity-in-mini-cart" time="6.5033484">
        </testcase>
        <testcase name="Then the mini-cart should show the correct total quantity of products" classname="viewing-shopping-cart;add-products-to-the-shopping-cart-and-view-quantity-in-mini-cart" time="0.0323332">
            <failure message="AssertionError: expected 31 to equal 37">AssertionError: expected 31 to equal 37
    at createWorld.&lt;anonymous&gt; (C:\Willys Project\Willys-Project\step-definitions\shoppingcart.js:78:38)
    at processTicksAndRejections (internal/process/task_queues.js:95:5)</failure>
        </testcase>
    </testsuite>
</testsuites>