<?xml version="1.0" encoding="UTF-8"?>
<testsuites>
    <testsuite name="selecting-a-product-category;categories-and-subcategories" tests="4" failures="0" skipped="0">
        <properties>
            <property name="URI" value="C:/Willys Project/Willys-Project/features/productCategory.feature">
            </property>
        </properties>
        <testcase name="Given In the menu section of &quot;https://www.willys.se&quot;" classname="selecting-a-product-category;categories-and-subcategories" time="5.673666">
        </testcase>
        <testcase name="And I have selected the accept button" classname="selecting-a-product-category;categories-and-subcategories" time="0.1121498">
        </testcase>
        <testcase name="When I select a category" classname="selecting-a-product-category;categories-and-subcategories" time="7.0638424">
        </testcase>
        <testcase name="Then I should see items within that category" classname="selecting-a-product-category;categories-and-subcategories" time="0.5598594">
        </testcase>
    </testsuite>
</testsuites>