<?xml version="1.0" encoding="UTF-8"?>
<testsuites>
    <testsuite name="selecting-a-product-category;categories-and-subcategories" tests="4" failures="1" skipped="0">
        <properties>
            <property name="URI" value="C:/Willys Project/Willys-Project/features/productCategory.feature">
            </property>
        </properties>
        <testcase name="Given In the menu section of &quot;https://www.willys.se&quot;" classname="selecting-a-product-category;categories-and-subcategories" time="5.6909231">
        </testcase>
        <testcase name="And I have selected the accept button" classname="selecting-a-product-category;categories-and-subcategories" time="0.1272238">
        </testcase>
        <testcase name="When I select a category" classname="selecting-a-product-category;categories-and-subcategories" time="7.9200251">
        </testcase>
        <testcase name="Then I should see items within that category" classname="selecting-a-product-category;categories-and-subcategories" time="10.009617">
            <failure message="TimeoutError: Waiting for at least one element to be located By(css selector, any)">TimeoutError: Waiting for at least one element to be located By(css selector, any)
Wait timed out after 10009ms
    at C:\Willys Project\Willys-Project\node_modules\updated-selenium-cucumber-js\node_modules\selenium-webdriver\lib\promise.js:2201:17
    at ManagedPromise.invokeCallback_ (C:\Willys Project\Willys-Project\node_modules\updated-selenium-cucumber-js\node_modules\selenium-webdriver\lib\promise.js:1376:14)
    at TaskQueue.execute_ (C:\Willys Project\Willys-Project\node_modules\updated-selenium-cucumber-js\node_modules\selenium-webdriver\lib\promise.js:3084:14)
    at TaskQueue.executeNext_ (C:\Willys Project\Willys-Project\node_modules\updated-selenium-cucumber-js\node_modules\selenium-webdriver\lib\promise.js:3067:27)
    at C:\Willys Project\Willys-Project\node_modules\updated-selenium-cucumber-js\node_modules\selenium-webdriver\lib\promise.js:2927:27
    at C:\Willys Project\Willys-Project\node_modules\updated-selenium-cucumber-js\node_modules\selenium-webdriver\lib\promise.js:668:7
    at runMicrotasks (&lt;anonymous&gt;)
    at processTicksAndRejections (internal/process/task_queues.js:95:5)
From: Task: Waiting for at least one element to be located By(css selector, any)
    at scheduleWait (C:\Willys Project\Willys-Project\node_modules\updated-selenium-cucumber-js\node_modules\selenium-webdriver\lib\promise.js:2188:20)
    at ControlFlow.wait (C:\Willys Project\Willys-Project\node_modules\updated-selenium-cucumber-js\node_modules\selenium-webdriver\lib\promise.js:2517:12)
    at thenableWebDriverProxy.wait (C:\Willys Project\Willys-Project\node_modules\updated-selenium-cucumber-js\node_modules\selenium-webdriver\lib\webdriver.js:934:29)
    at createWorld.&lt;anonymous&gt; (C:\Willys Project\Willys-Project\step-definitions\productCategory.js:44:22)
    at processTicksAndRejections (internal/process/task_queues.js:77:11)</failure>
        </testcase>
    </testsuite>
</testsuites>