<?xml version="1.0" encoding="UTF-8"?>
<testsuites>
    <testsuite name="selecting-a-product-category;willys-category-for-example-kykling" tests="2" failures="0" skipped="2">
        <properties>
            <property name="URI" value="C:/Users/mahsa/OneDrive/Documents/Mehrdad/Teknik Testare/03 - C# Programming/Thomas Class/Cucumber/selenium-cucumber-Willys/features/Product Category.feature">
            </property>
        </properties>
        <testcase name="When I select a category" classname="selecting-a-product-category;willys-category-for-example-kykling">
            <skipped message="">
            </skipped>
        </testcase>
        <testcase name="Then I should see items within that category" classname="selecting-a-product-category;willys-category-for-example-kykling">
            <skipped message="">
            </skipped>
        </testcase>
    </testsuite>
</testsuites>