<?xml version="1.0" encoding="UTF-8"?>
<testsuites>
    <testsuite name="change-the-number-of-an-item;increase-the-quantity-of-an-item-by-click-on-plus-button" tests="7" failures="0" skipped="0">
        <properties>
            <property name="URI" value="C:/Willys Project/Willys-Project/features/addAndRemoveProduct.feature">
            </property>
        </properties>
        <testcase name="Given that we are on Willy&apos;s website" classname="change-the-number-of-an-item;increase-the-quantity-of-an-item-by-click-on-plus-button" time="1.6621235">
        </testcase>
        <testcase name="And that we accepted the standard cookie policy" classname="change-the-number-of-an-item;increase-the-quantity-of-an-item-by-click-on-plus-button" time="2.6609898">
        </testcase>
        <testcase name="And that we have been through the initial where to deliver popup" classname="change-the-number-of-an-item;increase-the-quantity-of-an-item-by-click-on-plus-button" time="4.4719341">
        </testcase>
        <testcase name="Given that I am in category Fryst fågel" classname="change-the-number-of-an-item;increase-the-quantity-of-an-item-by-click-on-plus-button" time="6.0525098">
        </testcase>
        <testcase name="When I choose Chicken Tom Yum Bits to buy" classname="change-the-number-of-an-item;increase-the-quantity-of-an-item-by-click-on-plus-button" time="8.653128">
        </testcase>
        <testcase name="And I click 1 times on plus button" classname="change-the-number-of-an-item;increase-the-quantity-of-an-item-by-click-on-plus-button" time="1.1819482">
        </testcase>
        <testcase name="Then the quantity of the item should be 1" classname="change-the-number-of-an-item;increase-the-quantity-of-an-item-by-click-on-plus-button" time="0.0421735">
        </testcase>
    </testsuite>
    <testsuite name="change-the-number-of-an-item;increase-the-quantity-of-an-item-by-click-on-plus-button" tests="7" failures="0" skipped="0">
        <properties>
            <property name="URI" value="C:/Willys Project/Willys-Project/features/addAndRemoveProduct.feature">
            </property>
        </properties>
        <testcase name="Given that we are on Willy&apos;s website" classname="change-the-number-of-an-item;increase-the-quantity-of-an-item-by-click-on-plus-button" time="1.5290092">
        </testcase>
        <testcase name="And that we accepted the standard cookie policy" classname="change-the-number-of-an-item;increase-the-quantity-of-an-item-by-click-on-plus-button" time="2.9954917">
        </testcase>
        <testcase name="And that we have been through the initial where to deliver popup" classname="change-the-number-of-an-item;increase-the-quantity-of-an-item-by-click-on-plus-button" time="4.4492407">
        </testcase>
        <testcase name="Given that I am in category Fryst fågel" classname="change-the-number-of-an-item;increase-the-quantity-of-an-item-by-click-on-plus-button" time="5.467215">
        </testcase>
        <testcase name="When I choose Chicken Tom Yum Bits to buy" classname="change-the-number-of-an-item;increase-the-quantity-of-an-item-by-click-on-plus-button" time="8.3084414">
        </testcase>
        <testcase name="And I click 3 times on plus button" classname="change-the-number-of-an-item;increase-the-quantity-of-an-item-by-click-on-plus-button" time="1.3575859">
        </testcase>
        <testcase name="Then the quantity of the item should be 3" classname="change-the-number-of-an-item;increase-the-quantity-of-an-item-by-click-on-plus-button" time="0.0400241">
        </testcase>
    </testsuite>
    <testsuite name="change-the-number-of-an-item;decrease-the-quantity-of-an-item-by-click-on-minus-button" tests="8" failures="0" skipped="0">
        <properties>
            <property name="URI" value="C:/Willys Project/Willys-Project/features/addAndRemoveProduct.feature">
            </property>
        </properties>
        <testcase name="Given that we are on Willy&apos;s website" classname="change-the-number-of-an-item;decrease-the-quantity-of-an-item-by-click-on-minus-button" time="1.4228263">
        </testcase>
        <testcase name="And that we accepted the standard cookie policy" classname="change-the-number-of-an-item;decrease-the-quantity-of-an-item-by-click-on-minus-button" time="2.6070406">
        </testcase>
        <testcase name="And that we have been through the initial where to deliver popup" classname="change-the-number-of-an-item;decrease-the-quantity-of-an-item-by-click-on-minus-button" time="4.3967951">
        </testcase>
        <testcase name="Given that I am in category Fryst fågel" classname="change-the-number-of-an-item;decrease-the-quantity-of-an-item-by-click-on-minus-button" time="5.2338201">
        </testcase>
        <testcase name="When I choose Chicken Tom Yum Bits to buy" classname="change-the-number-of-an-item;decrease-the-quantity-of-an-item-by-click-on-minus-button" time="8.6590938">
        </testcase>
        <testcase name="And I write 2 in the input field of the product" classname="change-the-number-of-an-item;decrease-the-quantity-of-an-item-by-click-on-minus-button" time="2.2478539">
        </testcase>
        <testcase name="And I click 2 times on minus button" classname="change-the-number-of-an-item;decrease-the-quantity-of-an-item-by-click-on-minus-button" time="2.0637443">
        </testcase>
        <testcase name="Then the quantity of the item should be 0" classname="change-the-number-of-an-item;decrease-the-quantity-of-an-item-by-click-on-minus-button" time="0.0137716">
        </testcase>
    </testsuite>
    <testsuite name="change-the-number-of-an-item;decrease-the-quantity-of-an-item-by-click-on-minus-button" tests="8" failures="0" skipped="0">
        <properties>
            <property name="URI" value="C:/Willys Project/Willys-Project/features/addAndRemoveProduct.feature">
            </property>
        </properties>
        <testcase name="Given that we are on Willy&apos;s website" classname="change-the-number-of-an-item;decrease-the-quantity-of-an-item-by-click-on-minus-button" time="1.4300866">
        </testcase>
        <testcase name="And that we accepted the standard cookie policy" classname="change-the-number-of-an-item;decrease-the-quantity-of-an-item-by-click-on-minus-button" time="2.3072708">
        </testcase>
        <testcase name="And that we have been through the initial where to deliver popup" classname="change-the-number-of-an-item;decrease-the-quantity-of-an-item-by-click-on-minus-button" time="4.3809875">
        </testcase>
        <testcase name="Given that I am in category Fryst fågel" classname="change-the-number-of-an-item;decrease-the-quantity-of-an-item-by-click-on-minus-button" time="5.3977806">
        </testcase>
        <testcase name="When I choose Chicken Tom Yum Bits to buy" classname="change-the-number-of-an-item;decrease-the-quantity-of-an-item-by-click-on-minus-button" time="8.2421594">
        </testcase>
        <testcase name="And I write 3 in the input field of the product" classname="change-the-number-of-an-item;decrease-the-quantity-of-an-item-by-click-on-minus-button" time="2.2386408">
        </testcase>
        <testcase name="And I click 2 times on minus button" classname="change-the-number-of-an-item;decrease-the-quantity-of-an-item-by-click-on-minus-button" time="2.0830561">
        </testcase>
        <testcase name="Then the quantity of the item should be 1" classname="change-the-number-of-an-item;decrease-the-quantity-of-an-item-by-click-on-minus-button" time="0.041868">
        </testcase>
    </testsuite>
    <testsuite name="change-the-number-of-an-item;giv-the-quantity-of-an-item-by-write-and-press-enter" tests="7" failures="0" skipped="0">
        <properties>
            <property name="URI" value="C:/Willys Project/Willys-Project/features/addAndRemoveProduct.feature">
            </property>
        </properties>
        <testcase name="Given that we are on Willy&apos;s website" classname="change-the-number-of-an-item;giv-the-quantity-of-an-item-by-write-and-press-enter" time="1.4585605">
        </testcase>
        <testcase name="And that we accepted the standard cookie policy" classname="change-the-number-of-an-item;giv-the-quantity-of-an-item-by-write-and-press-enter" time="2.5706689">
        </testcase>
        <testcase name="And that we have been through the initial where to deliver popup" classname="change-the-number-of-an-item;giv-the-quantity-of-an-item-by-write-and-press-enter" time="4.3902901">
        </testcase>
        <testcase name="Given that I am in category Fryst fågel" classname="change-the-number-of-an-item;giv-the-quantity-of-an-item-by-write-and-press-enter" time="5.4114723">
        </testcase>
        <testcase name="And I choose Chicken Tom Yum Bits to buy" classname="change-the-number-of-an-item;giv-the-quantity-of-an-item-by-write-and-press-enter" time="8.2302035">
        </testcase>
        <testcase name="When I write 1 in the input field of the product" classname="change-the-number-of-an-item;giv-the-quantity-of-an-item-by-write-and-press-enter" time="2.2472719">
        </testcase>
        <testcase name="Then the quantity of the item should be 1" classname="change-the-number-of-an-item;giv-the-quantity-of-an-item-by-write-and-press-enter" time="0.0410566">
        </testcase>
    </testsuite>
    <testsuite name="change-the-number-of-an-item;giv-the-quantity-of-an-item-by-write-and-press-enter" tests="7" failures="0" skipped="0">
        <properties>
            <property name="URI" value="C:/Willys Project/Willys-Project/features/addAndRemoveProduct.feature">
            </property>
        </properties>
        <testcase name="Given that we are on Willy&apos;s website" classname="change-the-number-of-an-item;giv-the-quantity-of-an-item-by-write-and-press-enter" time="1.528762">
        </testcase>
        <testcase name="And that we accepted the standard cookie policy" classname="change-the-number-of-an-item;giv-the-quantity-of-an-item-by-write-and-press-enter" time="2.27136">
        </testcase>
        <testcase name="And that we have been through the initial where to deliver popup" classname="change-the-number-of-an-item;giv-the-quantity-of-an-item-by-write-and-press-enter" time="4.3974869">
        </testcase>
        <testcase name="Given that I am in category Fryst fågel" classname="change-the-number-of-an-item;giv-the-quantity-of-an-item-by-write-and-press-enter" time="5.2209778">
        </testcase>
        <testcase name="And I choose Chicken Tom Yum Bits to buy" classname="change-the-number-of-an-item;giv-the-quantity-of-an-item-by-write-and-press-enter" time="8.4986991">
        </testcase>
        <testcase name="When I write 5 in the input field of the product" classname="change-the-number-of-an-item;giv-the-quantity-of-an-item-by-write-and-press-enter" time="2.211877">
        </testcase>
        <testcase name="Then the quantity of the item should be 5" classname="change-the-number-of-an-item;giv-the-quantity-of-an-item-by-write-and-press-enter" time="0.042039">
        </testcase>
    </testsuite>
    <testsuite name="empty-the-shopping-cart;empty-shopping-cart" tests="6" failures="0" skipped="0">
        <properties>
            <property name="URI" value="C:/Willys Project/Willys-Project/features/emptyShoppingCart.feature">
            </property>
        </properties>
        <testcase name="Given that we are on Willy&apos;s website" classname="empty-the-shopping-cart;empty-shopping-cart" time="1.4166689">
        </testcase>
        <testcase name="And that we accepted the standard cookie policy" classname="empty-the-shopping-cart;empty-shopping-cart" time="2.1946939">
        </testcase>
        <testcase name="And that we have been through the initial where to deliver popup" classname="empty-the-shopping-cart;empty-shopping-cart" time="4.4771982">
        </testcase>
        <testcase name="Given I have three items in my shopping cart" classname="empty-the-shopping-cart;empty-shopping-cart" time="4.5232735">
        </testcase>
        <testcase name="When I click on “Empty shopping cart” button" classname="empty-the-shopping-cart;empty-shopping-cart" time="3.5197073">
        </testcase>
        <testcase name="Then It should delete all items in the shopping cart" classname="empty-the-shopping-cart;empty-shopping-cart" time="0.008508">
        </testcase>
    </testsuite>
    <testsuite name="get-more-information;open-a-product-info" tests="5" failures="0" skipped="0">
        <properties>
            <property name="URI" value="C:/Willys Project/Willys-Project/features/productInfo.feature">
            </property>
        </properties>
        <testcase name="Given that we are on Willy&apos;s website" classname="get-more-information;open-a-product-info" time="1.5251025">
        </testcase>
        <testcase name="And that we accepted the standard cookie policy" classname="get-more-information;open-a-product-info" time="2.3589886">
        </testcase>
        <testcase name="Given that I am on &quot;https://www.willys.se/sortiment/kott-chark-och-fagel/fagel/farsk-fagel&quot;" classname="get-more-information;open-a-product-info" time="2.039936">
        </testcase>
        <testcase name="And I click on a &quot;a[href*= &apos;Majskyckling-Hel-Sverige&apos;]&quot;" classname="get-more-information;open-a-product-info" time="2.3718216">
        </testcase>
        <testcase name="Then There is information on the table" classname="get-more-information;open-a-product-info" time="0.0142664">
        </testcase>
    </testsuite>
    <testsuite name="get-more-information;open-a-product-info" tests="5" failures="0" skipped="0">
        <properties>
            <property name="URI" value="C:/Willys Project/Willys-Project/features/productInfo.feature">
            </property>
        </properties>
        <testcase name="Given that we are on Willy&apos;s website" classname="get-more-information;open-a-product-info" time="1.5328566">
        </testcase>
        <testcase name="And that we accepted the standard cookie policy" classname="get-more-information;open-a-product-info" time="2.6272905">
        </testcase>
        <testcase name="Given that I am on &quot;https://www.willys.se/sortiment/frukt-och-gront/frukt&quot;" classname="get-more-information;open-a-product-info" time="2.1860407">
        </testcase>
        <testcase name="And I click on a &quot;a[href*=&apos;apple-Royal-Gala-Klass-1&apos;]&quot;" classname="get-more-information;open-a-product-info" time="2.3780109">
        </testcase>
        <testcase name="Then There is information on the table" classname="get-more-information;open-a-product-info" time="0.0119532">
        </testcase>
    </testsuite>
    <testsuite name="get-more-information;open-a-product-info" tests="5" failures="0" skipped="0">
        <properties>
            <property name="URI" value="C:/Willys Project/Willys-Project/features/productInfo.feature">
            </property>
        </properties>
        <testcase name="Given that we are on Willy&apos;s website" classname="get-more-information;open-a-product-info" time="1.7557887">
        </testcase>
        <testcase name="And that we accepted the standard cookie policy" classname="get-more-information;open-a-product-info" time="2.2689678">
        </testcase>
        <testcase name="Given that I am on &quot;https://www.willys.se/sortiment/blommor-och-tradgard&quot;" classname="get-more-information;open-a-product-info" time="1.8336055">
        </testcase>
        <testcase name="And I click on a &quot;a[href*=&apos;Blom-Jord&apos;]&quot;" classname="get-more-information;open-a-product-info" time="2.5291886">
        </testcase>
        <testcase name="Then There is information on the table" classname="get-more-information;open-a-product-info" time="0.0132296">
        </testcase>
    </testsuite>
    <testsuite name="get-more-information;open-a-product-info" tests="5" failures="0" skipped="0">
        <properties>
            <property name="URI" value="C:/Willys Project/Willys-Project/features/productInfo.feature">
            </property>
        </properties>
        <testcase name="Given that we are on Willy&apos;s website" classname="get-more-information;open-a-product-info" time="1.405257">
        </testcase>
        <testcase name="And that we accepted the standard cookie policy" classname="get-more-information;open-a-product-info" time="2.2108885">
        </testcase>
        <testcase name="Given that I am on &quot;https://www.willys.se/sortiment/lotter&quot;" classname="get-more-information;open-a-product-info" time="1.3625635">
        </testcase>
        <testcase name="And I click on a &quot;a[href*=&apos;Triss-Lott&apos;]&quot;" classname="get-more-information;open-a-product-info" time="2.3060813">
        </testcase>
        <testcase name="Then There is information on the table" classname="get-more-information;open-a-product-info" time="0.0123078">
        </testcase>
    </testsuite>
    <testsuite name="get-more-information;open-a-product-info" tests="5" failures="0" skipped="0">
        <properties>
            <property name="URI" value="C:/Willys Project/Willys-Project/features/productInfo.feature">
            </property>
        </properties>
        <testcase name="Given that we are on Willy&apos;s website" classname="get-more-information;open-a-product-info" time="1.5670019">
        </testcase>
        <testcase name="And that we accepted the standard cookie policy" classname="get-more-information;open-a-product-info" time="2.6620115">
        </testcase>
        <testcase name="Given that I am on &quot;https://www.willys.se/sortiment/blommor-och-tradgard&quot;" classname="get-more-information;open-a-product-info" time="1.9208201">
        </testcase>
        <testcase name="And I click on a &quot;[href*=&apos;Helgbukett&apos;]&quot;" classname="get-more-information;open-a-product-info" time="2.358063">
        </testcase>
        <testcase name="Then There is information on the table" classname="get-more-information;open-a-product-info" time="0.0146266">
        </testcase>
    </testsuite>
    <testsuite name="remove-an-item-in-the-shopping-cart;remove-an-item-by-enter-0-and-press-return" tests="8" failures="1" skipped="0">
        <properties>
            <property name="URI" value="C:/Willys Project/Willys-Project/features/removeOneItem.feature">
            </property>
        </properties>
        <testcase name="Given that we are on Willy&apos;s website" classname="remove-an-item-in-the-shopping-cart;remove-an-item-by-enter-0-and-press-return" time="1.4539295">
        </testcase>
        <testcase name="And that we accepted the standard cookie policy" classname="remove-an-item-in-the-shopping-cart;remove-an-item-by-enter-0-and-press-return" time="2.349419">
        </testcase>
        <testcase name="And that we have been through the initial where to deliver popup" classname="remove-an-item-in-the-shopping-cart;remove-an-item-by-enter-0-and-press-return" time="4.4029325">
        </testcase>
        <testcase name="And I have three items in my shopping cart" classname="remove-an-item-in-the-shopping-cart;remove-an-item-by-enter-0-and-press-return" time="4.3500861">
        </testcase>
        <testcase name="And I write 9 in the input field of the product" classname="remove-an-item-in-the-shopping-cart;remove-an-item-by-enter-0-and-press-return" time="2.2282595">
        </testcase>
        <testcase name="When I regret the first product on the shopping cart" classname="remove-an-item-in-the-shopping-cart;remove-an-item-by-enter-0-and-press-return" time="0.0145602">
        </testcase>
        <testcase name="And I write 0 in the input field of the product" classname="remove-an-item-in-the-shopping-cart;remove-an-item-by-enter-0-and-press-return" time="2.1321216">
        </testcase>
        <testcase name="Then the item should not be in the cart any more" classname="remove-an-item-in-the-shopping-cart;remove-an-item-by-enter-0-and-press-return" time="0.0218085">
            <failure message="AssertionError: expected 2 to equal 3">AssertionError: expected 2 to equal 3
    at createWorld.&lt;anonymous&gt; (C:\Willys Project\Willys-Project\step-definitions\removeOneItem.js:33:34)
    at runMicrotasks (&lt;anonymous&gt;)
    at processTicksAndRejections (internal/process/task_queues.js:95:5)</failure>
        </testcase>
    </testsuite>
    <testsuite name="remove-an-item-in-the-shopping-cart;remove-an-item-by-clicking-minus-button" tests="8" failures="1" skipped="6">
        <properties>
            <property name="URI" value="C:/Willys Project/Willys-Project/features/removeOneItem.feature">
            </property>
        </properties>
        <testcase name="Given that we are on Willy&apos;s website" classname="remove-an-item-in-the-shopping-cart;remove-an-item-by-clicking-minus-button" time="0.9533096">
        </testcase>
        <testcase name="And that we accepted the standard cookie policy" classname="remove-an-item-in-the-shopping-cart;remove-an-item-by-clicking-minus-button" time="10.0183738">
            <failure message="TimeoutError: Waiting for at least one element to be located By(css selector, #onetrust-accept-btn-handler)">TimeoutError: Waiting for at least one element to be located By(css selector, #onetrust-accept-btn-handler)
Wait timed out after 10017ms
    at C:\Willys Project\Willys-Project\node_modules\updated-selenium-cucumber-js\node_modules\selenium-webdriver\lib\promise.js:2201:17
    at ManagedPromise.invokeCallback_ (C:\Willys Project\Willys-Project\node_modules\updated-selenium-cucumber-js\node_modules\selenium-webdriver\lib\promise.js:1376:14)
    at TaskQueue.execute_ (C:\Willys Project\Willys-Project\node_modules\updated-selenium-cucumber-js\node_modules\selenium-webdriver\lib\promise.js:3084:14)
    at TaskQueue.executeNext_ (C:\Willys Project\Willys-Project\node_modules\updated-selenium-cucumber-js\node_modules\selenium-webdriver\lib\promise.js:3067:27)
    at C:\Willys Project\Willys-Project\node_modules\updated-selenium-cucumber-js\node_modules\selenium-webdriver\lib\promise.js:2927:27
    at C:\Willys Project\Willys-Project\node_modules\updated-selenium-cucumber-js\node_modules\selenium-webdriver\lib\promise.js:668:7
    at runMicrotasks (&lt;anonymous&gt;)
    at processTicksAndRejections (internal/process/task_queues.js:95:5)
From: Task: Waiting for at least one element to be located By(css selector, #onetrust-accept-btn-handler)
    at scheduleWait (C:\Willys Project\Willys-Project\node_modules\updated-selenium-cucumber-js\node_modules\selenium-webdriver\lib\promise.js:2188:20)
    at ControlFlow.wait (C:\Willys Project\Willys-Project\node_modules\updated-selenium-cucumber-js\node_modules\selenium-webdriver\lib\promise.js:2517:12)
    at thenableWebDriverProxy.wait (C:\Willys Project\Willys-Project\node_modules\updated-selenium-cucumber-js\node_modules\selenium-webdriver\lib\webdriver.js:934:29)
    at createWorld.&lt;anonymous&gt; (C:\Willys Project\Willys-Project\step-definitions\common-background.js:14:18)
    at processTicksAndRejections (internal/process/task_queues.js:77:11)</failure>
        </testcase>
        <testcase name="And that we have been through the initial where to deliver popup" classname="remove-an-item-in-the-shopping-cart;remove-an-item-by-clicking-minus-button">
            <skipped message="">
            </skipped>
        </testcase>
        <testcase name="And I have three items in my shopping cart" classname="remove-an-item-in-the-shopping-cart;remove-an-item-by-clicking-minus-button">
            <skipped message="">
            </skipped>
        </testcase>
        <testcase name="And I write 9 in the input field of the product" classname="remove-an-item-in-the-shopping-cart;remove-an-item-by-clicking-minus-button">
            <skipped message="">
            </skipped>
        </testcase>
        <testcase name="When I regret the first product on the shopping cart" classname="remove-an-item-in-the-shopping-cart;remove-an-item-by-clicking-minus-button">
            <skipped message="">
            </skipped>
        </testcase>
        <testcase name="And I decrease the number of same product until zero by clicking on minus button" classname="remove-an-item-in-the-shopping-cart;remove-an-item-by-clicking-minus-button">
            <skipped message="">
            </skipped>
        </testcase>
        <testcase name="Then the item should not be in the cart any more" classname="remove-an-item-in-the-shopping-cart;remove-an-item-by-clicking-minus-button">
            <skipped message="">
            </skipped>
        </testcase>
    </testsuite>
    <testsuite name="viewing-shopping-cart;add-products-to-the-shopping-cart-and-view-quantity-in-mini-cart" tests="5" failures="0" skipped="5">
        <properties>
            <property name="URI" value="C:/Willys Project/Willys-Project/features/shoppingcart.feature">
            </property>
        </properties>
        <testcase name="Given that I am on willys Website" classname="viewing-shopping-cart;add-products-to-the-shopping-cart-and-view-quantity-in-mini-cart">
            <skipped message="">
            </skipped>
        </testcase>
        <testcase name="And that we accepted the standard cookie policy" classname="viewing-shopping-cart;add-products-to-the-shopping-cart-and-view-quantity-in-mini-cart">
            <skipped message="">
            </skipped>
        </testcase>
        <testcase name="Given that I am on the Fruit and Vegetable category page" classname="viewing-shopping-cart;add-products-to-the-shopping-cart-and-view-quantity-in-mini-cart">
            <skipped message="">
            </skipped>
        </testcase>
        <testcase name="When I put a random number of each Fruit and Vegetable that has price per piece in the cart" classname="viewing-shopping-cart;add-products-to-the-shopping-cart-and-view-quantity-in-mini-cart">
            <skipped message="">
            </skipped>
        </testcase>
        <testcase name="Then the mini-cart should show the correct total quantity of products" classname="viewing-shopping-cart;add-products-to-the-shopping-cart-and-view-quantity-in-mini-cart">
            <skipped message="">
            </skipped>
        </testcase>
    </testsuite>
</testsuites>