<?xml version="1.0" encoding="UTF-8"?>
<testsuites>
    <testsuite name="change-the-number-of-an-item;increase-the-quantity-of-an-item-by-click-on-plus-button" tests="7" failures="0" skipped="0">
        <properties>
            <property name="URI" value="C:/Willys Project/Willys-Project/features/addAndRemoveProduct.feature">
            </property>
        </properties>
        <testcase name="Given that we are on Willy&apos;s website" classname="change-the-number-of-an-item;increase-the-quantity-of-an-item-by-click-on-plus-button" time="2.2507486">
        </testcase>
        <testcase name="And that we accepted the standard cookie policy" classname="change-the-number-of-an-item;increase-the-quantity-of-an-item-by-click-on-plus-button" time="2.8252768">
        </testcase>
        <testcase name="And that we have been through the initial where to deliver popup" classname="change-the-number-of-an-item;increase-the-quantity-of-an-item-by-click-on-plus-button" time="4.4603105">
        </testcase>
        <testcase name="Given that I am in category Fryst fågel" classname="change-the-number-of-an-item;increase-the-quantity-of-an-item-by-click-on-plus-button" time="5.6719317">
        </testcase>
        <testcase name="When I choose Chicken Tom Yum Bits to buy" classname="change-the-number-of-an-item;increase-the-quantity-of-an-item-by-click-on-plus-button" time="8.4064528">
        </testcase>
        <testcase name="And I click 3 times on plus button" classname="change-the-number-of-an-item;increase-the-quantity-of-an-item-by-click-on-plus-button" time="1.3996615">
        </testcase>
        <testcase name="Then the quantity of the item should be 3" classname="change-the-number-of-an-item;increase-the-quantity-of-an-item-by-click-on-plus-button" time="0.0389156">
        </testcase>
    </testsuite>
    <testsuite name="change-the-number-of-an-item;decrease-the-quantity-of-an-item-by-click-on-minus-button" tests="8" failures="0" skipped="0">
        <properties>
            <property name="URI" value="C:/Willys Project/Willys-Project/features/addAndRemoveProduct.feature">
            </property>
        </properties>
        <testcase name="Given that we are on Willy&apos;s website" classname="change-the-number-of-an-item;decrease-the-quantity-of-an-item-by-click-on-minus-button" time="1.9459384">
        </testcase>
        <testcase name="And that we accepted the standard cookie policy" classname="change-the-number-of-an-item;decrease-the-quantity-of-an-item-by-click-on-minus-button" time="2.8482952">
        </testcase>
        <testcase name="And that we have been through the initial where to deliver popup" classname="change-the-number-of-an-item;decrease-the-quantity-of-an-item-by-click-on-minus-button" time="4.4442073">
        </testcase>
        <testcase name="Given that I am in category Fryst fågel" classname="change-the-number-of-an-item;decrease-the-quantity-of-an-item-by-click-on-minus-button" time="5.6758995">
        </testcase>
        <testcase name="When I choose Chicken Tom Yum Bits to buy" classname="change-the-number-of-an-item;decrease-the-quantity-of-an-item-by-click-on-minus-button" time="8.2623891">
        </testcase>
        <testcase name="And I write 3 in the input field of the product" classname="change-the-number-of-an-item;decrease-the-quantity-of-an-item-by-click-on-minus-button" time="2.2427193">
        </testcase>
        <testcase name="And I click 2 times on minus button" classname="change-the-number-of-an-item;decrease-the-quantity-of-an-item-by-click-on-minus-button" time="1.8575174">
        </testcase>
        <testcase name="Then the quantity of the item should be 1" classname="change-the-number-of-an-item;decrease-the-quantity-of-an-item-by-click-on-minus-button" time="0.0402432">
        </testcase>
    </testsuite>
    <testsuite name="change-the-number-of-an-item;giv-the-quantity-of-an-item-by-write-and-press-enter" tests="7" failures="1" skipped="1">
        <properties>
            <property name="URI" value="C:/Willys Project/Willys-Project/features/addAndRemoveProduct.feature">
            </property>
        </properties>
        <testcase name="Given that we are on Willy&apos;s website" classname="change-the-number-of-an-item;giv-the-quantity-of-an-item-by-write-and-press-enter" time="2.0298327">
        </testcase>
        <testcase name="And that we accepted the standard cookie policy" classname="change-the-number-of-an-item;giv-the-quantity-of-an-item-by-write-and-press-enter" time="2.8104097">
        </testcase>
        <testcase name="And that we have been through the initial where to deliver popup" classname="change-the-number-of-an-item;giv-the-quantity-of-an-item-by-write-and-press-enter" time="4.4889185">
        </testcase>
        <testcase name="Given that I am in category Fryst fågel" classname="change-the-number-of-an-item;giv-the-quantity-of-an-item-by-write-and-press-enter" time="5.7268055">
        </testcase>
        <testcase name="And I choose Chicken Tom Yum Bits to buy" classname="change-the-number-of-an-item;giv-the-quantity-of-an-item-by-write-and-press-enter" time="8.3547203">
        </testcase>
        <testcase name="When I write 5 in the input field of the product" classname="change-the-number-of-an-item;giv-the-quantity-of-an-item-by-write-and-press-enter" time="0.0535661">
            <failure message="ElementNotVisibleError: element not interactable">ElementNotVisibleError: element not interactable
  (Session info: chrome=94.0.4606.81)
  (Driver info: chromedriver=94.0.4606.61 (418b78f5838ed0b1c69bb4e51ea0252171854915-refs/branch-heads/4606@{#1204}),platform=Windows NT 10.0.19043 x86_64)
    at Object.checkLegacyResponse (C:\Willys Project\Willys-Project\node_modules\updated-selenium-cucumber-js\node_modules\selenium-webdriver\lib\error.js:546:15)
    at parseHttpResponse (C:\Willys Project\Willys-Project\node_modules\updated-selenium-cucumber-js\node_modules\selenium-webdriver\lib\http.js:509:13)
    at C:\Willys Project\Willys-Project\node_modules\updated-selenium-cucumber-js\node_modules\selenium-webdriver\lib\http.js:441:30
    at runMicrotasks (&lt;anonymous&gt;)
    at processTicksAndRejections (internal/process/task_queues.js:95:5)
From: Task: WebElement.clear()
    at thenableWebDriverProxy.schedule (C:\Willys Project\Willys-Project\node_modules\updated-selenium-cucumber-js\node_modules\selenium-webdriver\lib\webdriver.js:807:17)
    at WebElement.schedule_ (C:\Willys Project\Willys-Project\node_modules\updated-selenium-cucumber-js\node_modules\selenium-webdriver\lib\webdriver.js:2010:25)
    at WebElement.clear (C:\Willys Project\Willys-Project\node_modules\updated-selenium-cucumber-js\node_modules\selenium-webdriver\lib\webdriver.js:2351:17)
    at createWorld.&lt;anonymous&gt; (C:\Willys Project\Willys-Project\step-definitions\addAndRemoveProduct.js:58:13)
    at runMicrotasks (&lt;anonymous&gt;)
    at processTicksAndRejections (internal/process/task_queues.js:95:5)</failure>
        </testcase>
        <testcase name="Then the quantity of the item should be 5" classname="change-the-number-of-an-item;giv-the-quantity-of-an-item-by-write-and-press-enter">
            <skipped message="">
            </skipped>
        </testcase>
    </testsuite>
    <testsuite name="empty-the-shopping-cart;empty-shopping-cart" tests="6" failures="0" skipped="0">
        <properties>
            <property name="URI" value="C:/Willys Project/Willys-Project/features/emptyShoppingCart.feature">
            </property>
        </properties>
        <testcase name="Given that we are on Willy&apos;s website" classname="empty-the-shopping-cart;empty-shopping-cart" time="1.9588441">
        </testcase>
        <testcase name="And that we accepted the standard cookie policy" classname="empty-the-shopping-cart;empty-shopping-cart" time="2.9602579">
        </testcase>
        <testcase name="And that we have been through the initial where to deliver popup" classname="empty-the-shopping-cart;empty-shopping-cart" time="4.45183">
        </testcase>
        <testcase name="Given I have three items in my shopping cart" classname="empty-the-shopping-cart;empty-shopping-cart" time="6.666023">
        </testcase>
        <testcase name="When I click on “Empty shopping cart” button" classname="empty-the-shopping-cart;empty-shopping-cart" time="5.7790873">
        </testcase>
        <testcase name="Then It should delete all items in the shopping cart" classname="empty-the-shopping-cart;empty-shopping-cart" time="0.0077896">
        </testcase>
    </testsuite>
    <testsuite name="get-more-information;open-a-product-info" tests="5" failures="0" skipped="0">
        <properties>
            <property name="URI" value="C:/Willys Project/Willys-Project/features/productInfo.feature">
            </property>
        </properties>
        <testcase name="Given that we are on Willy&apos;s website" classname="get-more-information;open-a-product-info" time="2.4518353">
        </testcase>
        <testcase name="And that we accepted the standard cookie policy" classname="get-more-information;open-a-product-info" time="2.7680895">
        </testcase>
        <testcase name="Given that I am on &quot;https://www.willys.se/sortiment/kott-chark-och-fagel/fagel/farsk-fagel&quot;" classname="get-more-information;open-a-product-info" time="2.5003621">
        </testcase>
        <testcase name="And I click on a &quot;a[href*= &apos;Majskyckling-Hel-Sverige&apos;]&quot;" classname="get-more-information;open-a-product-info" time="2.3554943">
        </testcase>
        <testcase name="Then There is information on the table" classname="get-more-information;open-a-product-info" time="0.0147445">
        </testcase>
    </testsuite>
    <testsuite name="get-more-information;open-a-product-info" tests="5" failures="0" skipped="0">
        <properties>
            <property name="URI" value="C:/Willys Project/Willys-Project/features/productInfo.feature">
            </property>
        </properties>
        <testcase name="Given that we are on Willy&apos;s website" classname="get-more-information;open-a-product-info" time="2.4959213">
        </testcase>
        <testcase name="And that we accepted the standard cookie policy" classname="get-more-information;open-a-product-info" time="2.8721596">
        </testcase>
        <testcase name="Given that I am on &quot;https://www.willys.se/sortiment/frukt-och-gront/frukt&quot;" classname="get-more-information;open-a-product-info" time="2.4402776">
        </testcase>
        <testcase name="And I click on a &quot;a[href*=&apos;apple-Royal-Gala-Klass-1&apos;]&quot;" classname="get-more-information;open-a-product-info" time="2.3582759">
        </testcase>
        <testcase name="Then There is information on the table" classname="get-more-information;open-a-product-info" time="0.0143068">
        </testcase>
    </testsuite>
    <testsuite name="get-more-information;open-a-product-info" tests="5" failures="0" skipped="0">
        <properties>
            <property name="URI" value="C:/Willys Project/Willys-Project/features/productInfo.feature">
            </property>
        </properties>
        <testcase name="Given that we are on Willy&apos;s website" classname="get-more-information;open-a-product-info" time="2.0890418">
        </testcase>
        <testcase name="And that we accepted the standard cookie policy" classname="get-more-information;open-a-product-info" time="2.908574">
        </testcase>
        <testcase name="Given that I am on &quot;https://www.willys.se/sortiment/blommor-och-tradgard&quot;" classname="get-more-information;open-a-product-info" time="2.095044">
        </testcase>
        <testcase name="And I click on a &quot;a[href*=&apos;Blom-Jord&apos;]&quot;" classname="get-more-information;open-a-product-info" time="2.4933723">
        </testcase>
        <testcase name="Then There is information on the table" classname="get-more-information;open-a-product-info" time="0.0143057">
        </testcase>
    </testsuite>
    <testsuite name="get-more-information;open-a-product-info" tests="5" failures="0" skipped="0">
        <properties>
            <property name="URI" value="C:/Willys Project/Willys-Project/features/productInfo.feature">
            </property>
        </properties>
        <testcase name="Given that we are on Willy&apos;s website" classname="get-more-information;open-a-product-info" time="1.924024">
        </testcase>
        <testcase name="And that we accepted the standard cookie policy" classname="get-more-information;open-a-product-info" time="2.8547205">
        </testcase>
        <testcase name="Given that I am on &quot;https://www.willys.se/sortiment/lotter&quot;" classname="get-more-information;open-a-product-info" time="1.1126255">
        </testcase>
        <testcase name="And I click on a &quot;a[href*=&apos;Triss-Lott&apos;]&quot;" classname="get-more-information;open-a-product-info" time="2.3575222">
        </testcase>
        <testcase name="Then There is information on the table" classname="get-more-information;open-a-product-info" time="0.013212">
        </testcase>
    </testsuite>
    <testsuite name="get-more-information;open-a-product-info" tests="5" failures="0" skipped="0">
        <properties>
            <property name="URI" value="C:/Willys Project/Willys-Project/features/productInfo.feature">
            </property>
        </properties>
        <testcase name="Given that we are on Willy&apos;s website" classname="get-more-information;open-a-product-info" time="2.0286662">
        </testcase>
        <testcase name="And that we accepted the standard cookie policy" classname="get-more-information;open-a-product-info" time="2.8851736">
        </testcase>
        <testcase name="Given that I am on &quot;https://www.willys.se/sortiment/blommor-och-tradgard&quot;" classname="get-more-information;open-a-product-info" time="2.439896">
        </testcase>
        <testcase name="And I click on a &quot;[href*=&apos;Helgbukett&apos;]&quot;" classname="get-more-information;open-a-product-info" time="2.4069848">
        </testcase>
        <testcase name="Then There is information on the table" classname="get-more-information;open-a-product-info" time="0.014454">
        </testcase>
    </testsuite>
    <testsuite name="remove-an-item-in-the-shopping-cart;remove-an-item-by-enter-0-and-press-return" tests="8" failures="0" skipped="0">
        <properties>
            <property name="URI" value="C:/Willys Project/Willys-Project/features/removeOneItem.feature">
            </property>
        </properties>
        <testcase name="Given that we are on Willy&apos;s website" classname="remove-an-item-in-the-shopping-cart;remove-an-item-by-enter-0-and-press-return" time="2.1382682">
        </testcase>
        <testcase name="And that we accepted the standard cookie policy" classname="remove-an-item-in-the-shopping-cart;remove-an-item-by-enter-0-and-press-return" time="2.7844291">
        </testcase>
        <testcase name="And that we have been through the initial where to deliver popup" classname="remove-an-item-in-the-shopping-cart;remove-an-item-by-enter-0-and-press-return" time="4.850522">
        </testcase>
        <testcase name="And I have three items in my shopping cart" classname="remove-an-item-in-the-shopping-cart;remove-an-item-by-enter-0-and-press-return" time="6.607826">
        </testcase>
        <testcase name="And I write 9 in the input field of the product" classname="remove-an-item-in-the-shopping-cart;remove-an-item-by-enter-0-and-press-return" time="2.2740704">
        </testcase>
        <testcase name="When I regret the first product on the shopping cart" classname="remove-an-item-in-the-shopping-cart;remove-an-item-by-enter-0-and-press-return" time="0.01456">
        </testcase>
        <testcase name="And I write 0 in the input field of the product" classname="remove-an-item-in-the-shopping-cart;remove-an-item-by-enter-0-and-press-return" time="2.1717715">
        </testcase>
        <testcase name="Then the item should not be in the cart anymore" classname="remove-an-item-in-the-shopping-cart;remove-an-item-by-enter-0-and-press-return" time="0.0177352">
        </testcase>
    </testsuite>
    <testsuite name="remove-an-item-in-the-shopping-cart;remove-an-item-by-clicking-minus-button" tests="8" failures="1" skipped="4">
        <properties>
            <property name="URI" value="C:/Willys Project/Willys-Project/features/removeOneItem.feature">
            </property>
        </properties>
        <testcase name="Given that we are on Willy&apos;s website" classname="remove-an-item-in-the-shopping-cart;remove-an-item-by-clicking-minus-button" time="2.1795019">
        </testcase>
        <testcase name="And that we accepted the standard cookie policy" classname="remove-an-item-in-the-shopping-cart;remove-an-item-by-clicking-minus-button" time="2.8527244">
        </testcase>
        <testcase name="And that we have been through the initial where to deliver popup" classname="remove-an-item-in-the-shopping-cart;remove-an-item-by-clicking-minus-button" time="6.6371237">
        </testcase>
        <testcase name="And I have three items in my shopping cart" classname="remove-an-item-in-the-shopping-cart;remove-an-item-by-clicking-minus-button" time="1.104247">
            <failure message="WebDriverError: element click intercepted: Element &lt;a ax-navigation-toggle=&quot;&quot; ax-navigation-sidenav-helper=&quot;sidenav-left&quot; layout=&quot;row&quot; layout-align=&quot;space-between center&quot; title=&quot;Dryck&quot; ax-analytics2-on=&quot;&quot; ax-analytics2-category=&quot;LeftMenu&quot; ax-analytics2-action=&quot;LeftMenu_Category_Open&quot; ax-analytics2-label=&quot;dryck&quot; href=&quot;/sortiment/dryck&quot; target=&quot;_self&quot; class=&quot;ax-navigation-toggle layout-align-space-between-center layout-row&quot;&gt;...&lt;/a&gt; is not clickable at point (130, 203). Other element would receive the click: &lt;div class=&quot;md-dialog-container&quot; tabindex=&quot;-1&quot; md-theme=&quot;&quot; style=&quot;top: 0px; height: 708px;&quot;&gt;...&lt;/div&gt;">WebDriverError: element click intercepted: Element &lt;a ax-navigation-toggle=&quot;&quot; ax-navigation-sidenav-helper=&quot;sidenav-left&quot; layout=&quot;row&quot; layout-align=&quot;space-between center&quot; title=&quot;Dryck&quot; ax-analytics2-on=&quot;&quot; ax-analytics2-category=&quot;LeftMenu&quot; ax-analytics2-action=&quot;LeftMenu_Category_Open&quot; ax-analytics2-label=&quot;dryck&quot; href=&quot;/sortiment/dryck&quot; target=&quot;_self&quot; class=&quot;ax-navigation-toggle layout-align-space-between-center layout-row&quot;&gt;...&lt;/a&gt; is not clickable at point (130, 203). Other element would receive the click: &lt;div class=&quot;md-dialog-container&quot; tabindex=&quot;-1&quot; md-theme=&quot;&quot; style=&quot;top: 0px; height: 708px;&quot;&gt;...&lt;/div&gt;
  (Session info: chrome=94.0.4606.81)
  (Driver info: chromedriver=94.0.4606.61 (418b78f5838ed0b1c69bb4e51ea0252171854915-refs/branch-heads/4606@{#1204}),platform=Windows NT 10.0.19043 x86_64)
    at Object.checkLegacyResponse (C:\Willys Project\Willys-Project\node_modules\updated-selenium-cucumber-js\node_modules\selenium-webdriver\lib\error.js:546:15)
    at parseHttpResponse (C:\Willys Project\Willys-Project\node_modules\updated-selenium-cucumber-js\node_modules\selenium-webdriver\lib\http.js:509:13)
    at C:\Willys Project\Willys-Project\node_modules\updated-selenium-cucumber-js\node_modules\selenium-webdriver\lib\http.js:441:30
    at runMicrotasks (&lt;anonymous&gt;)
    at processTicksAndRejections (internal/process/task_queues.js:95:5)
From: Task: WebElement.click()
    at thenableWebDriverProxy.schedule (C:\Willys Project\Willys-Project\node_modules\updated-selenium-cucumber-js\node_modules\selenium-webdriver\lib\webdriver.js:807:17)
    at WebElement.schedule_ (C:\Willys Project\Willys-Project\node_modules\updated-selenium-cucumber-js\node_modules\selenium-webdriver\lib\webdriver.js:2010:25)
    at WebElement.click (C:\Willys Project\Willys-Project\node_modules\updated-selenium-cucumber-js\node_modules\selenium-webdriver\lib\webdriver.js:2092:17)
    at createWorld.&lt;anonymous&gt; (C:\Willys Project\Willys-Project\step-definitions\emptyShoppingCart.js:14:24)
    at runMicrotasks (&lt;anonymous&gt;)
    at processTicksAndRejections (internal/process/task_queues.js:95:5)</failure>
        </testcase>
        <testcase name="And I write 9 in the input field of the product" classname="remove-an-item-in-the-shopping-cart;remove-an-item-by-clicking-minus-button">
            <skipped message="">
            </skipped>
        </testcase>
        <testcase name="When I regret the first product on the shopping cart" classname="remove-an-item-in-the-shopping-cart;remove-an-item-by-clicking-minus-button">
            <skipped message="">
            </skipped>
        </testcase>
        <testcase name="And I decrease the number of same product until zero by clicking on minus button" classname="remove-an-item-in-the-shopping-cart;remove-an-item-by-clicking-minus-button">
            <skipped message="">
            </skipped>
        </testcase>
        <testcase name="Then the item should not be in the cart anymore" classname="remove-an-item-in-the-shopping-cart;remove-an-item-by-clicking-minus-button">
            <skipped message="">
            </skipped>
        </testcase>
    </testsuite>
    <testsuite name="viewing-shopping-cart;add-products-to-the-shopping-cart-and-view-quantity-in-mini-cart" tests="6" failures="1" skipped="4">
        <properties>
            <property name="URI" value="C:/Willys Project/Willys-Project/features/shoppingcart.feature">
            </property>
        </properties>
        <testcase name="Given that we are on Willy&apos;s website" classname="viewing-shopping-cart;add-products-to-the-shopping-cart-and-view-quantity-in-mini-cart" time="0.8539975">
        </testcase>
        <testcase name="And that we accepted the standard cookie policy" classname="viewing-shopping-cart;add-products-to-the-shopping-cart-and-view-quantity-in-mini-cart" time="10.0147256">
            <failure message="TimeoutError: Waiting for at least one element to be located By(css selector, #onetrust-accept-btn-handler)">TimeoutError: Waiting for at least one element to be located By(css selector, #onetrust-accept-btn-handler)
Wait timed out after 10014ms
    at C:\Willys Project\Willys-Project\node_modules\updated-selenium-cucumber-js\node_modules\selenium-webdriver\lib\promise.js:2201:17
    at ManagedPromise.invokeCallback_ (C:\Willys Project\Willys-Project\node_modules\updated-selenium-cucumber-js\node_modules\selenium-webdriver\lib\promise.js:1376:14)
    at TaskQueue.execute_ (C:\Willys Project\Willys-Project\node_modules\updated-selenium-cucumber-js\node_modules\selenium-webdriver\lib\promise.js:3084:14)
    at TaskQueue.executeNext_ (C:\Willys Project\Willys-Project\node_modules\updated-selenium-cucumber-js\node_modules\selenium-webdriver\lib\promise.js:3067:27)
    at C:\Willys Project\Willys-Project\node_modules\updated-selenium-cucumber-js\node_modules\selenium-webdriver\lib\promise.js:2927:27
    at C:\Willys Project\Willys-Project\node_modules\updated-selenium-cucumber-js\node_modules\selenium-webdriver\lib\promise.js:668:7
    at runMicrotasks (&lt;anonymous&gt;)
    at processTicksAndRejections (internal/process/task_queues.js:95:5)
From: Task: Waiting for at least one element to be located By(css selector, #onetrust-accept-btn-handler)
    at scheduleWait (C:\Willys Project\Willys-Project\node_modules\updated-selenium-cucumber-js\node_modules\selenium-webdriver\lib\promise.js:2188:20)
    at ControlFlow.wait (C:\Willys Project\Willys-Project\node_modules\updated-selenium-cucumber-js\node_modules\selenium-webdriver\lib\promise.js:2517:12)
    at thenableWebDriverProxy.wait (C:\Willys Project\Willys-Project\node_modules\updated-selenium-cucumber-js\node_modules\selenium-webdriver\lib\webdriver.js:934:29)
    at createWorld.&lt;anonymous&gt; (C:\Willys Project\Willys-Project\step-definitions\common-background.js:14:18)
    at processTicksAndRejections (internal/process/task_queues.js:77:11)</failure>
        </testcase>
        <testcase name="And that we have been through the initial where to deliver popup" classname="viewing-shopping-cart;add-products-to-the-shopping-cart-and-view-quantity-in-mini-cart">
            <skipped message="">
            </skipped>
        </testcase>
        <testcase name="Given that I am on the Fruit and Vegetable category page" classname="viewing-shopping-cart;add-products-to-the-shopping-cart-and-view-quantity-in-mini-cart">
            <skipped message="">
            </skipped>
        </testcase>
        <testcase name="When I put a random number of each Fruit and Vegetable that has price per piece in the cart" classname="viewing-shopping-cart;add-products-to-the-shopping-cart-and-view-quantity-in-mini-cart">
            <skipped message="">
            </skipped>
        </testcase>
        <testcase name="Then the mini-cart should show the correct total quantity of products" classname="viewing-shopping-cart;add-products-to-the-shopping-cart-and-view-quantity-in-mini-cart">
            <skipped message="">
            </skipped>
        </testcase>
    </testsuite>
</testsuites>